2018-06-08T18:26:10.999+0530 I CONTROL  [initandlisten] MongoDB starting : pid=12157 port=27017 dbpath=/media/ashish/Mishra/backend/data 64-bit host=ashish-Aspire-V3-574G
2018-06-08T18:26:10.999+0530 I CONTROL  [initandlisten] db version v3.6.2
2018-06-08T18:26:10.999+0530 I CONTROL  [initandlisten] git version: 489d177dbd0f0420a8ca04d39fd78d0a2c539420
2018-06-08T18:26:10.999+0530 I CONTROL  [initandlisten] OpenSSL version: OpenSSL 1.0.2n  7 Dec 2017
2018-06-08T18:26:10.999+0530 I CONTROL  [initandlisten] allocator: tcmalloc
2018-06-08T18:26:11.000+0530 I CONTROL  [initandlisten] modules: none
2018-06-08T18:26:11.000+0530 I CONTROL  [initandlisten] build environment:
2018-06-08T18:26:11.001+0530 I CONTROL  [initandlisten]     distmod: ubuntu1604
2018-06-08T18:26:11.001+0530 I CONTROL  [initandlisten]     distarch: x86_64
2018-06-08T18:26:11.001+0530 I CONTROL  [initandlisten]     target_arch: x86_64
2018-06-08T18:26:11.001+0530 I CONTROL  [initandlisten] options: { processManagement: { fork: true }, storage: { dbPath: "data", journal: { enabled: false }, mmapv1: { smallFiles: true } }, systemLog: { destination: "file", path: "mongod.log" } }
2018-06-08T18:26:11.094+0530 I STORAGE  [initandlisten] wiredtiger_open config: create,cache_size=1417M,session_max=20000,eviction=(threads_min=4,threads_max=4),config_base=false,statistics=(fast),log=(enabled=true,archive=true,path=journal,compressor=snappy),file_manager=(close_idle_time=100000),statistics_log=(wait=0),verbose=(recovery_progress),,log=(enabled=false),
2018-06-08T18:26:13.013+0530 W STORAGE  [initandlisten] Detected configuration for non-active storage engine mmapv1 when current storage engine is wiredTiger
2018-06-08T18:26:13.014+0530 I CONTROL  [initandlisten] 
2018-06-08T18:26:13.014+0530 I CONTROL  [initandlisten] ** WARNING: Access control is not enabled for the database.
2018-06-08T18:26:13.014+0530 I CONTROL  [initandlisten] **          Read and write access to data and configuration is unrestricted.
2018-06-08T18:26:13.014+0530 I CONTROL  [initandlisten] 
2018-06-08T18:26:13.014+0530 I CONTROL  [initandlisten] ** WARNING: This server is bound to localhost.
2018-06-08T18:26:13.014+0530 I CONTROL  [initandlisten] **          Remote systems will be unable to connect to this server. 
2018-06-08T18:26:13.014+0530 I CONTROL  [initandlisten] **          Start the server with --bind_ip <address> to specify which IP 
2018-06-08T18:26:13.014+0530 I CONTROL  [initandlisten] **          addresses it should serve responses from, or with --bind_ip_all to
2018-06-08T18:26:13.014+0530 I CONTROL  [initandlisten] **          bind to all interfaces. If this behavior is desired, start the
2018-06-08T18:26:13.014+0530 I CONTROL  [initandlisten] **          server with --bind_ip 127.0.0.1 to disable this warning.
2018-06-08T18:26:13.014+0530 I CONTROL  [initandlisten] 
2018-06-08T18:26:13.100+0530 I STORAGE  [initandlisten] createCollection: admin.system.version with provided UUID: acaa1dcb-3da7-4e0b-b1e2-0ab5dc322057
2018-06-08T18:26:13.734+0530 I COMMAND  [initandlisten] setting featureCompatibilityVersion to 3.6
2018-06-08T18:26:13.807+0530 I STORAGE  [initandlisten] createCollection: local.startup_log with generated UUID: 21d773f3-6402-4956-b00e-c9ae8a0aebf0
2018-06-08T18:26:14.409+0530 I FTDC     [initandlisten] Initializing full-time diagnostic data capture with directory '/media/ashish/Mishra/backend/data/diagnostic.data'
2018-06-08T18:26:14.411+0530 I NETWORK  [initandlisten] waiting for connections on port 27017
2018-06-08T18:26:54.178+0530 I NETWORK  [listener] connection accepted from 127.0.0.1:38928 #1 (1 connection now open)
2018-06-08T18:26:54.179+0530 I NETWORK  [conn1] received client metadata from 127.0.0.1:38928 conn: { application: { name: "MongoDB Shell" }, driver: { name: "MongoDB Internal Client", version: "3.6.2" }, os: { type: "Linux", name: "Ubuntu", architecture: "x86_64", version: "18.04" } }
2018-06-08T18:27:10.451+0530 I NETWORK  [conn1] end connection 127.0.0.1:38928 (0 connections now open)
2018-06-08T18:27:50.398+0530 I NETWORK  [listener] connection accepted from 127.0.0.1:38938 #2 (1 connection now open)
2018-06-08T18:27:50.399+0530 I NETWORK  [conn2] received client metadata from 127.0.0.1:38938 conn: { application: { name: "MongoDB Shell" }, driver: { name: "MongoDB Internal Client", version: "3.6.2" }, os: { type: "Linux", name: "Ubuntu", architecture: "x86_64", version: "18.04" } }
2018-06-08T18:31:14.456+0530 I STORAGE  [thread3] createCollection: config.system.sessions with generated UUID: 4bf7d75f-f166-430d-8f26-a75909c345a9
2018-06-08T18:31:15.359+0530 I INDEX    [thread3] build index on: config.system.sessions properties: { v: 2, key: { lastUse: 1 }, name: "lsidTTLIndex", ns: "config.system.sessions", expireAfterSeconds: 1800 }
2018-06-08T18:31:15.359+0530 I INDEX    [thread3] 	 building index using bulk method; build may temporarily use up to 500 megabytes of RAM
2018-06-08T18:31:15.436+0530 I INDEX    [thread3] build index done.  scanned 0 total records. 0 secs
2018-06-08T18:31:15.459+0530 I COMMAND  [thread3] command config.$cmd command: createIndexes { createIndexes: "system.sessions", indexes: [ { key: { lastUse: 1 }, name: "lsidTTLIndex", expireAfterSeconds: 1800 } ], $db: "config" } numYields:0 reslen:98 locks:{ Global: { acquireCount: { r: 1, w: 1 } }, Database: { acquireCount: { W: 1 } }, Collection: { acquireCount: { w: 1 } } } protocol:op_msg 1025ms
2018-06-08T18:43:32.615+0530 I NETWORK  [conn2] end connection 127.0.0.1:38938 (0 connections now open)
2018-06-08T19:14:55.602+0530 I COMMAND  [PeriodicTaskRunner] task: DBConnectionPool-cleaner took: 269ms
2018-06-08T19:15:58.607+0530 I COMMAND  [PeriodicTaskRunner] task: DBConnectionPool-cleaner took: 150ms
2018-06-08T19:16:00.263+0530 I COMMAND  [PeriodicTaskRunner] task: UnusedLockCleaner took: 123ms
2018-06-08T19:17:00.652+0530 I COMMAND  [PeriodicTaskRunner] task: UnusedLockCleaner took: 256ms
